<?xml version="1.0" encoding="UTF-8"?>
<testng-results ignored="0" total="1" passed="1" failed="0" skipped="0">
  <reporter-output>
  </reporter-output>
  <suite started-at="2023-12-02T15:57:57 IST" name="Default suite" finished-at="2023-12-02T15:58:06 IST" duration-ms="9042">
    <groups>
    </groups>
    <test started-at="2023-12-02T15:57:57 IST" name="Default test" finished-at="2023-12-02T15:58:06 IST" duration-ms="9042">
      <class name="msn.GetCurrentTemperature">
        <test-method signature="getTemp()[pri:0, instance:msn.GetCurrentTemperature@2bfc268b]" started-at="2023-12-02T15:57:57 IST" name="getTemp" finished-at="2023-12-02T15:58:06 IST" duration-ms="8994" status="PASS">
          <reporter-output>
          </reporter-output>
        </test-method> <!-- getTemp -->
      </class> <!-- msn.GetCurrentTemperature -->
    </test> <!-- Default test -->
  </suite> <!-- Default suite -->
</testng-results>
